<?xml version="1.0" encoding="UTF-8"?>
<!-- Generated by org.testng.reporters.JUnitReportReporter -->
<testsuite skipped="0" hostname="CDC2-L-71731JB" name="demoPack.MercuryE2E" tests="4" failures="0" timestamp="21 Oct 2018 17:13:31 GMT" time="12.709" errors="0">
  <testcase name="zBookingfinalPage" time="2.380" classname="demoPack.MercuryE2E"/>
  <testcase name="login" time="5.451" classname="demoPack.MercuryE2E"/>
  <testcase name="ticketBooking" time="2.448" classname="demoPack.MercuryE2E"/>
  <testcase name="passngrDetails" time="2.430" classname="demoPack.MercuryE2E"/>
</testsuite> <!-- demoPack.MercuryE2E -->
